<?xml version="1.0" encoding="UTF-8"?>
<testng-results skipped="0" failed="0" total="1" passed="1">
  <reporter-output>
  </reporter-output>
  <suite name="Default suite" duration-ms="8051" started-at="2015-06-10T21:29:50Z" finished-at="2015-06-10T21:29:58Z">
    <groups>
    </groups>
    <test name="Default test" duration-ms="8051" started-at="2015-06-10T21:29:50Z" finished-at="2015-06-10T21:29:58Z">
      <class name="com.rmanager.test.admin.VerifyAccessLoginPage">
        <test-method status="PASS" signature="setUp()[pri:0, instance:com.rmanager.test.admin.VerifyAccessLoginPage@1eb84f]" name="setUp" is-config="true" duration-ms="5815" started-at="2015-06-10T17:29:50Z" finished-at="2015-06-10T17:29:56Z">
          <reporter-output>
          </reporter-output>
        </test-method> <!-- setUp -->
        <test-method status="PASS" signature="methodLoginPage()[pri:0, instance:com.rmanager.test.admin.VerifyAccessLoginPage@1eb84f]" name="methodLoginPage" duration-ms="2216" started-at="2015-06-10T17:29:56Z" finished-at="2015-06-10T17:29:58Z">
          <reporter-output>
          </reporter-output>
        </test-method> <!-- methodLoginPage -->
        <test-method status="PASS" signature="tearDown()[pri:0, instance:com.rmanager.test.admin.VerifyAccessLoginPage@1eb84f]" name="tearDown" is-config="true" duration-ms="0" started-at="2015-06-10T17:29:58Z" finished-at="2015-06-10T17:29:58Z">
          <reporter-output>
          </reporter-output>
        </test-method> <!-- tearDown -->
      </class> <!-- com.rmanager.test.admin.VerifyAccessLoginPage -->
    </test> <!-- Default test -->
  </suite> <!-- Default suite -->
</testng-results>
